<?xml version="1.0" encoding="UTF-8"?>
<!-- Generated by org.testng.reporters.JUnitReportReporter -->
<testsuite skipped="0" hostname="Clairvoyant-061" name="com.LMS.Runner.TestRunner" tests="1" failures="0" timestamp="23 Jan 2020 16:22:56 GMT" time="46.977" errors="0">
  <testcase name="feature" time="46.977" classname="com.LMS.Runner.TestRunner"/>
</testsuite> <!-- com.LMS.Runner.TestRunner -->
